[    0.000000] Initializing cgroup subsys cpuset
[    0.000000] Initializing cgroup subsys cpu
[    0.000000] Initializing cgroup subsys cpuacct
[    0.000000] Linux version 4.4.0-170-generic (buildd@lcy01-amd64-019) (gcc version 5.4.0 20160609 (Ubuntu 5.4.0-6ubuntu1~16.04.12) ) #199-Ubuntu SMP Thu Nov 14 01:45:04 UTC 2019 (Ubuntu 4.4.0-170.199-generic 4.4.200)
[    0.000000] Command line: BOOT_IMAGE=/boot/vmlinuz-4.4.0-170-generic root=UUID=2f3ad447-cc37-48da-a5e8-d7f16b7f0182 ro console=tty1 console=ttyS0
[    0.000000] KERNEL supported cpus:
[    0.000000]   Intel GenuineIntel
[    0.000000]   AMD AuthenticAMD
[    0.000000]   Centaur CentaurHauls
[    0.000000] x86/fpu: xstate_offset[2]:  576, xstate_sizes[2]:  256
[    0.000000] x86/fpu: Supporting XSAVE feature 0x01: 'x87 floating point registers'
[    0.000000] x86/fpu: Supporting XSAVE feature 0x02: 'SSE registers'
[    0.000000] x86/fpu: Supporting XSAVE feature 0x04: 'AVX registers'
[    0.000000] x86/fpu: Enabled xstate features 0x7, context size is 832 bytes, using 'standard' format.
[    0.000000] e820: BIOS-provided physical RAM map:
[    0.000000] BIOS-e820: [mem 0x0000000000000000-0x000000000009fbff] usable
[    0.000000] BIOS-e820: [mem 0x000000000009fc00-0x000000000009ffff] reserved
[    0.000000] BIOS-e820: [mem 0x00000000000f0000-0x00000000000fffff] reserved
[    0.000000] BIOS-e820: [mem 0x0000000000100000-0x000000007ffeffff] usable
[    0.000000] BIOS-e820: [mem 0x000000007fff0000-0x000000007fffffff] ACPI data
[    0.000000] BIOS-e820: [mem 0x00000000fec00000-0x00000000fec00fff] reserved
[    0.000000] BIOS-e820: [mem 0x00000000fee00000-0x00000000fee00fff] reserved
[    0.000000] BIOS-e820: [mem 0x00000000fffc0000-0x00000000ffffffff] reserved
[    0.000000] NX (Execute Disable) protection: active
[    0.000000] SMBIOS 2.5 present.
[    0.000000] Hypervisor detected: KVM
[    0.000000] e820: last_pfn = 0x7fff0 max_arch_pfn = 0x400000000
[    0.000000] MTRR: Disabled
[    0.000000] x86/PAT: MTRRs disabled, skipping PAT initialization too.
[    0.000000] CPU MTRRs all blank - virtualized system.
[    0.000000] x86/PAT: Configuration [0-7]: WB  WT  UC- UC  WB  WT  UC- UC  
[    0.000000] found SMP MP-table at [mem 0x0009fff0-0x0009ffff] mapped at [ffff88000009fff0]
[    0.000000] Scanning 1 areas for low memory corruption
[    0.000000] RAMDISK: [mem 0x361de000-0x370e6fff]
[    0.000000] ACPI: Early table checksum verification disabled
[    0.000000] ACPI: RSDP 0x00000000000E0000 000024 (v02 VBOX  )
[    0.000000] ACPI: XSDT 0x000000007FFF0030 00003C (v01 VBOX   VBOXXSDT 00000001 ASL  00000061)
[    0.000000] ACPI: FACP 0x000000007FFF00F0 0000F4 (v04 VBOX   VBOXFACP 00000001 ASL  00000061)
[    0.000000] ACPI: DSDT 0x000000007FFF0470 0022EA (v02 VBOX   VBOXBIOS 00000002 INTL 20180105)
[    0.000000] ACPI: FACS 0x000000007FFF0200 000040
[    0.000000] ACPI: FACS 0x000000007FFF0200 000040
[    0.000000] ACPI: APIC 0x000000007FFF0240 00005C (v02 VBOX   VBOXAPIC 00000001 ASL  00000061)
[    0.000000] ACPI: SSDT 0x000000007FFF02A0 0001CC (v01 VBOX   VBOXCPUT 00000002 INTL 20180105)
[    0.000000] No NUMA configuration found
[    0.000000] Faking a node at [mem 0x0000000000000000-0x000000007ffeffff]
[    0.000000] NODE_DATA(0) allocated [mem 0x7ffeb000-0x7ffeffff]
[    0.000000] kvm-clock: Using msrs 4b564d01 and 4b564d00
[    0.000000] kvm-clock: cpu 0, msr 0:7ffe3001, primary cpu clock
[    0.000000] kvm-clock: using sched offset of 3107817648 cycles
[    0.000000] clocksource: kvm-clock: mask: 0xffffffffffffffff max_cycles: 0x1cd42e4dffb, max_idle_ns: 881590591483 ns
[    0.000000] Zone ranges:
[    0.000000]   DMA      [mem 0x0000000000001000-0x0000000000ffffff]
[    0.000000]   DMA32    [mem 0x0000000001000000-0x000000007ffeffff]
[    0.000000]   Normal   empty
[    0.000000]   Device   empty
[    0.000000] Movable zone start for each node
[    0.000000] Early memory node ranges
[    0.000000]   node   0: [mem 0x0000000000001000-0x000000000009efff]
[    0.000000]   node   0: [mem 0x0000000000100000-0x000000007ffeffff]
[    0.000000] Initmem setup node 0 [mem 0x0000000000001000-0x000000007ffeffff]
[    0.000000] ACPI: PM-Timer IO Port: 0x4008
[    0.000000] IOAPIC[0]: apic_id 2, version 32, address 0xfec00000, GSI 0-23
[    0.000000] ACPI: INT_SRC_OVR (bus 0 bus_irq 0 global_irq 2 dfl dfl)
[    0.000000] ACPI: INT_SRC_OVR (bus 0 bus_irq 9 global_irq 9 low level)
[    0.000000] Using ACPI (MADT) for SMP configuration information
[    0.000000] smpboot: Allowing 2 CPUs, 0 hotplug CPUs
[    0.000000] PM: Registered nosave memory: [mem 0x00000000-0x00000fff]
[    0.000000] PM: Registered nosave memory: [mem 0x0009f000-0x0009ffff]
[    0.000000] PM: Registered nosave memory: [mem 0x000a0000-0x000effff]
[    0.000000] PM: Registered nosave memory: [mem 0x000f0000-0x000fffff]
[    0.000000] e820: [mem 0x80000000-0xfebfffff] available for PCI devices
[    0.000000] Booting paravirtualized kernel on KVM
[    0.000000] clocksource: refined-jiffies: mask: 0xffffffff max_cycles: 0xffffffff, max_idle_ns: 7645519600211568 ns
[    0.000000] setup_percpu: NR_CPUS:512 nr_cpumask_bits:512 nr_cpu_ids:2 nr_node_ids:1
[    0.000000] PERCPU: Embedded 33 pages/cpu @ffff88007fc00000 s95448 r8192 d31528 u1048576
[    0.000000] Built 1 zonelists in Node order, mobility grouping on.  Total pages: 515960
[    0.000000] Policy zone: DMA32
[    0.000000] Kernel command line: BOOT_IMAGE=/boot/vmlinuz-4.4.0-170-generic root=UUID=2f3ad447-cc37-48da-a5e8-d7f16b7f0182 ro console=tty1 console=ttyS0
[    0.000000] PID hash table entries: 4096 (order: 3, 32768 bytes)
[    0.000000] Memory: 2029352K/2096696K available (8626K kernel code, 1336K rwdata, 4036K rodata, 1488K init, 1288K bss, 67344K reserved, 0K cma-reserved)
[    0.000000] SLUB: HWalign=64, Order=0-3, MinObjects=0, CPUs=2, Nodes=1
[    0.000000] Kernel/User page tables isolation: enabled
[    0.000000] Hierarchical RCU implementation.
[    0.000000] 	Build-time adjustment of leaf fanout to 64.
[    0.000000] 	RCU restricting CPUs from NR_CPUS=512 to nr_cpu_ids=2.
[    0.000000] RCU: Adjusting geometry for rcu_fanout_leaf=64, nr_cpu_ids=2
[    0.000000] NR_IRQS:33024 nr_irqs:440 16
[    0.000000] Console: colour VGA+ 80x25
[    0.000000] console [tty1] enabled
[    0.000000] console [ttyS0] enabled
[    0.000000] tsc: Detected 2207.998 MHz processor
[    0.113782] Calibrating delay loop (skipped) preset value.. 4415.99 BogoMIPS (lpj=8831992)
[    0.115125] pid_max: default: 32768 minimum: 301
[    0.115847] ACPI: Core revision 20150930
[    0.117235] ACPI: 2 ACPI AML tables successfully acquired and loaded
[    0.118281] Security Framework initialized
[    0.118945] Yama: becoming mindful.
[    0.119549] AppArmor: AppArmor initialized
[    0.120670] Dentry cache hash table entries: 262144 (order: 9, 2097152 bytes)
[    0.121952] Inode-cache hash table entries: 131072 (order: 8, 1048576 bytes)
[    0.123374] Mount-cache hash table entries: 4096 (order: 3, 32768 bytes)
[    0.124332] Mountpoint-cache hash table entries: 4096 (order: 3, 32768 bytes)
[    0.125504] Initializing cgroup subsys io
[    0.126224] Initializing cgroup subsys memory
[    0.126942] Initializing cgroup subsys devices
[    0.127647] Initializing cgroup subsys freezer
[    0.128351] Initializing cgroup subsys net_cls
[    0.129108] Initializing cgroup subsys perf_event
[    0.143748] Initializing cgroup subsys net_prio
[    0.144603] Initializing cgroup subsys hugetlb
[    0.145460] Initializing cgroup subsys pids
[    0.147930] mce: CPU supports 0 MCE banks
[    0.148758] Last level iTLB entries: 4KB 64, 2MB 8, 4MB 8
[    0.149708] Last level dTLB entries: 4KB 64, 2MB 0, 4MB 0, 1GB 4
[    0.150735] Spectre V1 : Mitigation: usercopy/swapgs barriers and __user pointer sanitization
[    0.152307] Spectre V2 : Mitigation: Full generic retpoline
[    0.153311] Spectre V2 : Spectre v2 / SpectreRSB mitigation: Filling RSB on context switch
[    0.154843] Speculative Store Bypass: Vulnerable
[    0.155780] MDS: Vulnerable: Clear CPU buffers attempted, no microcode
[    0.159898] Freeing SMP alternatives memory: 36K
[    0.167114] ftrace: allocating 32302 entries in 127 pages
[    0.220036] smpboot: APIC(0) Converting physical 0 to logical package 0
[    0.220991] smpboot: Max logical packages: 1
[    0.221887] x2apic enabled
[    0.222583] Switched APIC routing to physical x2apic.
[    0.224288] ..TIMER: vector=0x30 apic1=0 pin1=2 apic2=-1 pin2=-1
[    0.333278] smpboot: CPU0: Intel(R) Core(TM) i5-7260U CPU @ 2.20GHz (family: 0x6, model: 0x8e, stepping: 0x9)
[    0.335279] Performance Events: unsupported p6 CPU model 142 no PMU driver, software events only.
[    0.347554] KVM setup paravirtual spinlock
[    0.349274] x86: Booting SMP configuration:
[    0.349926] .... node  #0, CPUs:      #1
[    0.350582] kvm-clock: cpu 1, msr 0:7ffe3041, secondary cpu clock
[    0.352374] mce: CPU supports 0 MCE banks
[    0.354815] x86: Booted up 1 node, 2 CPUs
[    0.355601] smpboot: Total of 2 processors activated (8831.99 BogoMIPS)
[    0.357024] devtmpfs: initialized
[    0.359223] evm: security.selinux
[    0.360001] evm: security.SMACK64
[    0.360673] evm: security.SMACK64EXEC
[    0.361437] evm: security.SMACK64TRANSMUTE
[    0.362267] evm: security.SMACK64MMAP
[    0.362990] evm: security.ima
[    0.363649] evm: security.capability
[    0.364692] clocksource: jiffies: mask: 0xffffffff max_cycles: 0xffffffff, max_idle_ns: 7645041785100000 ns
[    0.366530] futex hash table entries: 512 (order: 3, 32768 bytes)
[    0.367661] pinctrl core: initialized pinctrl subsystem
[    0.368754] RTC time:  7:57:14, date: 12/12/19
[    0.369777] NET: Registered protocol family 16
[    0.386212] cpuidle: using governor ladder
[    0.398370] cpuidle: using governor menu
[    0.399079] PCCT header not found.
[    0.399686] ACPI: bus type PCI registered
[    0.400284] acpiphp: ACPI Hot Plug PCI Controller Driver version: 0.5
[    0.401188] PCI: Using configuration type 1 for base access
[    0.414569] ACPI: Added _OSI(Module Device)
[    0.415186] ACPI: Added _OSI(Processor Device)
[    0.415826] ACPI: Added _OSI(3.0 _SCP Extensions)
[    0.416477] ACPI: Added _OSI(Processor Aggregator Device)
[    0.417737] ACPI: Executed 1 blocks of module-level executable AML code
[    0.420318] ACPI: Interpreter enabled
[    0.420883] ACPI: (supports S0 S5)
[    0.421411] ACPI: Using IOAPIC for interrupt routing
[    0.422221] PCI: Using host bridge windows from ACPI; if necessary, use "pci=nocrs" and report a bug
[    0.426149] ACPI: PCI Root Bridge [PCI0] (domain 0000 [bus 00-ff])
[    0.426973] acpi PNP0A03:00: _OSC: OS supports [ASPM ClockPM Segments MSI]
[    0.428096] acpi PNP0A03:00: _OSC: not requesting OS control; OS requires [ExtendedConfig ASPM ClockPM MSI]
[    0.429394] acpi PNP0A03:00: fail to add MMCONFIG information, can't access extended PCI configuration space under this bridge.
[    0.431066] PCI host bridge to bus 0000:00
[    0.431669] pci_bus 0000:00: root bus resource [io  0x0000-0x0cf7 window]
[    0.432515] pci_bus 0000:00: root bus resource [io  0x0d00-0xffff window]
[    0.433362] pci_bus 0000:00: root bus resource [mem 0x000a0000-0x000bffff window]
[    0.434451] pci_bus 0000:00: root bus resource [mem 0x80000000-0xfdffffff window]
[    0.435537] pci_bus 0000:00: root bus resource [bus 00-ff]
[    0.437406] pci 0000:00:01.1: legacy IDE quirk: reg 0x10: [io  0x01f0-0x01f7]
[    0.438289] pci 0000:00:01.1: legacy IDE quirk: reg 0x14: [io  0x03f6]
[    0.439148] pci 0000:00:01.1: legacy IDE quirk: reg 0x18: [io  0x0170-0x0177]
[    0.440042] pci 0000:00:01.1: legacy IDE quirk: reg 0x1c: [io  0x0376]
[    0.467022] pci 0000:00:07.0: quirk: [io  0x4000-0x403f] claimed by PIIX4 ACPI
[    0.468114] pci 0000:00:07.0: quirk: [io  0x4100-0x410f] claimed by PIIX4 SMB
[    0.479568] ACPI: PCI Interrupt Link [LNKA] (IRQs 5 9 10 *11)
[    0.480806] ACPI: PCI Interrupt Link [LNKB] (IRQs 5 9 *10 11)
[    0.481907] ACPI: PCI Interrupt Link [LNKC] (IRQs 5 *9 10 11)
[    0.483035] ACPI: PCI Interrupt Link [LNKD] (IRQs 5 9 10 *11)
[    0.484174] ACPI: Enabled 2 GPEs in block 00 to 07
[    0.485160] vgaarb: setting as boot device: PCI:0000:00:02.0
[    0.485906] vgaarb: device added: PCI:0000:00:02.0,decodes=io+mem,owns=io+mem,locks=none
[    0.487060] vgaarb: loaded
[    0.487533] vgaarb: bridge control possible 0000:00:02.0
[    0.488447] SCSI subsystem initialized
[    0.489145] ACPI: bus type USB registered
[    0.489753] usbcore: registered new interface driver usbfs
[    0.490501] usbcore: registered new interface driver hub
[    0.491230] usbcore: registered new device driver usb
[    0.492082] PCI: Using ACPI for IRQ routing
[    0.492902] NetLabel: Initializing
[    0.493433] NetLabel:  domain hash size = 128
[    0.494054] NetLabel:  protocols = UNLABELED CIPSOv4
[    0.494767] NetLabel:  unlabeled traffic allowed by default
[    0.495599] amd_nb: Cannot enumerate AMD northbridges
[    0.496328] clocksource: Switched to clocksource kvm-clock
[    0.502111] AppArmor: AppArmor Filesystem Enabled
[    0.502841] pnp: PnP ACPI init
[    0.503897] pnp: PnP ACPI: found 3 devices
[    0.512839] clocksource: acpi_pm: mask: 0xffffff max_cycles: 0xffffff, max_idle_ns: 2085701024 ns
[    0.514096] NET: Registered protocol family 2
[    0.514844] TCP established hash table entries: 16384 (order: 5, 131072 bytes)
[    0.515925] TCP bind hash table entries: 16384 (order: 6, 262144 bytes)
[    0.516797] TCP: Hash tables configured (established 16384 bind 16384)
[    0.517634] UDP hash table entries: 1024 (order: 3, 32768 bytes)
[    0.518417] UDP-Lite hash table entries: 1024 (order: 3, 32768 bytes)
[    0.519274] NET: Registered protocol family 1
[    0.519905] pci 0000:00:00.0: Limiting direct PCI/PCI transfers
[    0.520704] pci 0000:00:01.0: Activating ISA DMA hang workarounds
[    0.521587] Unpacking initramfs...
[    0.703293] Freeing initrd memory: 15396K
[    0.704073] clocksource: tsc: mask: 0xffffffffffffffff max_cycles: 0x1fd3b6211b4, max_idle_ns: 440795230313 ns
[    0.705504] platform rtc_cmos: registered platform RTC device (no PNP device found)
[    0.706647] Scanning for low memory corruption every 60 seconds
[    0.707691] audit: initializing netlink subsys (disabled)
[    0.708429] audit: type=2000 audit(1576137438.921:1): initialized
[    0.709455] Initialise system trusted keyring
[    0.710182] HugeTLB registered 2 MB page size, pre-allocated 0 pages
[    0.712016] zbud: loaded
[    0.712791] VFS: Disk quotas dquot_6.6.0
[    0.713463] VFS: Dquot-cache hash table entries: 512 (order 0, 4096 bytes)
[    0.714621] squashfs: version 4.0 (2009/01/31) Phillip Lougher
[    0.715599] fuse init (API version 7.23)
[    0.716283] Key type big_key registered
[    0.716947] Allocating IMA MOK and blacklist keyrings.
[    0.718404] Key type asymmetric registered
[    0.719048] Asymmetric key parser 'x509' registered
[    0.719758] Block layer SCSI generic (bsg) driver version 0.4 loaded (major 249)
[    0.720914] io scheduler noop registered
[    0.721508] io scheduler deadline registered (default)
[    0.722242] io scheduler cfq registered
[    0.722900] pci_hotplug: PCI Hot Plug PCI Core version: 0.5
[    0.723657] pciehp: PCI Express Hot Plug Controller Driver version: 0.4
[    0.724625] ACPI: AC Adapter [AC] (on-line)
[    0.725294] input: Power Button as /devices/LNXSYSTM:00/LNXPWRBN:00/input/input0
[    0.726739] ACPI: Power Button [PWRF]
[    0.727672] input: Sleep Button as /devices/LNXSYSTM:00/LNXSLPBN:00/input/input1
[    0.729191] ACPI: Sleep Button [SLPF]
[    0.730166] GHES: HEST is not enabled!
[    0.731023] Serial: 8250/16550 driver, 32 ports, IRQ sharing enabled
[    0.768175] 00:02: ttyS0 at I/O 0x3f8 (irq = 4, base_baud = 115200) is a 16550A
    0.770155] Linux agpgart interface v0.103
[    0.771820] loop: module loaded
[    0.772769] scsi host0: ata_piix
[    0.773373] scsi host1: ata_piix
[    0.773918] ata1: PATA max UDMA/33 cmd 0x1f0 ctl 0x3f6 bmdma 0xd000 irq 14
[    0.774792] ata2: PATA max UDMA/33 cmd 0x170 ctl 0x376 bmdma 0xd008 irq 15
[    0.775736] libphy: Fixed MDIO Bus: probed
[    0.776395] tun: Universal TUN/TAP device driver, 1.6
[    0.777116] tun: (C) 1999-2004 Max Krasnyansky <maxk@qualcomm.com>
[    0.777964] PPP generic driver version 2.4.2
[    0.778645] ehci_hcd: USB 2.0 'Enhanced' Host Controller (EHCI) Driver
[    0.779490] ehci-pci: EHCI PCI platform driver
[    0.780135] ehci-platform: EHCI generic platform driver
[    0.780898] ohci_hcd: USB 1.1 'Open' Host Controller (OHCI) Driver
[    0.781706] ohci-pci: OHCI PCI platform driver
[    0.782347] ohci-platform: OHCI generic platform driver
[    0.783069] uhci_hcd: USB Universal Host Controller Interface driver
[    0.783944] i8042: PNP: PS/2 Controller [PNP0303:PS2K,PNP0f03:PS2M] at 0x60,0x64 irq 1,12
[    0.785527] serio: i8042 KBD port at 0x60,0x64 irq 1
[    0.786217] serio: i8042 AUX port at 0x60,0x64 irq 12
[    0.786997] mousedev: PS/2 mouse device common for all mice
[    0.788109] input: AT Translated Set 2 keyboard as /devices/platform/i8042/serio0/input/input2
[    0.789408] rtc_cmos rtc_cmos: rtc core: registered rtc_cmos as rtc0
[    0.790349] rtc_cmos rtc_cmos: alarms up to one day, 114 bytes nvram
[    0.791186] i2c /dev entries driver
[    0.791772] device-mapper: uevent: version 1.0.3
[    0.792486] device-mapper: ioctl: 4.34.0-ioctl (2015-10-28) initialised: dm-devel@redhat.com
[    0.793681] ledtrig-cpu: registered to indicate activity on CPUs
[    0.794755] NET: Registered protocol family 10
[    0.795547] NET: Registered protocol family 17
[    0.796195] Key type dns_resolver registered
[    0.797036] registered taskstats version 1
[    0.797649] Loading compiled-in X.509 certificates
[    0.798808] Loaded X.509 cert 'Build time autogenerated kernel key: f0e56e97f406068ace47a9bf54316e9855aaaa43'
[    0.801392] zswap: loaded using pool lzo/zbud
[    0.804204] Key type trusted registered
[    0.807504] Key type encrypted registered
[    0.808117] AppArmor: AppArmor sha1 policy hashing enabled
[    0.808889] ima: No TPM chip found, activating TPM-bypass!
[    0.809632] ima: Allocated hash algorithm: sha1
[    0.810285] evm: HMAC attrs: 0x1
[    0.811101]   Magic number: 15:122:976
[    0.811751] rtc_cmos rtc_cmos: setting system clock to 2019-12-12 07:57:14 UTC (1576137434)
[    0.813037] BIOS EDD facility v0.16 2004-Jun-25, 0 devices found
[    0.813830] EDD information not available.
[    0.935462] Freeing unused kernel memory: 1488K
[    0.938016] Write protecting the kernel read-only data: 14336k
[    0.942509] Freeing unused kernel memory: 1604K
[    0.945694] Freeing unused kernel memory: 60K
Loading, please wait...
starting version 229
[    0.986370] random: systemd-udevd: uninitialized urandom read (16 bytes read, 3 bits of entropy available)
[    0.988453] random: udevadm: uninitialized urandom read (16 bytes read, 3 bits of entropy available)
[    0.988521] random: udevadm: uninitialized urandom read (16 bytes read, 3 bits of entropy available)
[    0.997653] random: systemd-udevd: uninitialized urandom read (16 bytes read, 3 bits of entropy available)
[    1.000318] random: systemd-udevd: uninitialized urandom read (16 bytes read, 3 bits of entropy available)
[    1.001404] random: udevadm: uninitialized urandom read (16 bytes read, 3 bits of entropy available)
[    1.001459] random: udevadm: uninitialized urandom read (16 bytes read, 3 bits of entropy available)
[    1.001631] random: udevadm: uninitialized urandom read (16 bytes read, 3 bits of entropy available)
[    1.001694] random: udevadm: uninitialized urandom read (16 bytes read, 3 bits of entropy available)
[    1.001754] random: udevadm: uninitialized urandom read (16 bytes read, 3 bits of entropy available)
[    1.035086] Fusion MPT base driver 3.04.20
[    1.035726] Copyright (c) 1999-2008 LSI Corporation
[    1.045159] e1000: Intel(R) PRO/1000 Network Driver - version 7.3.21-k8-NAPI
[    1.046115] e1000: Copyright (c) 1999-2006 Intel Corporation.
[    1.050394] Fusion MPT SPI Host driver 3.04.20
[    1.055334] AVX2 version of gcm_enc/dec engaged.
[    1.056144] AES CTR mode by8 optimization enabled
[    1.256864] input: ImExPS/2 Generic Explorer Mouse as /devices/platform/i8042/serio1/input/input4
[    1.743041] e1000 0000:00:03.0 eth0: (PCI:33MHz:32-bit) 02:30:52:25:60:69
[    1.748531] e1000 0000:00:03.0 eth0: Intel(R) PRO/1000 Network Connection
[    1.752946] mptbase: ioc0: Initiating bringup
[    1.839609] ioc0: LSI53C1030 A0: Capabilities={Initiator}
[    2.814340] scsi host2: ioc0: LSI53C1030 A0, FwRev=00000000h, Ports=1, MaxQ=256, IRQ=20
[    3.769739] scsi 2:0:0:0: Direct-Access     VBOX     HARDDISK         1.0  PQ: 0 ANSI: 5
[    3.778100] scsi target2:0:0: Beginning Domain Validation
[    3.789623] scsi target2:0:0: Domain Validation skipping write tests
[    3.794506] scsi target2:0:0: Ending Domain Validation
[    3.799006] scsi target2:0:0: asynchronous
[    3.808675] scsi 2:0:1:0: Direct-Access     VBOX     HARDDISK         1.0  PQ: 0 ANSI: 5
[    3.813261] scsi target2:0:1: Beginning Domain Validation
[    3.817310] scsi target2:0:1: Domain Validation skipping write tests
[    3.819523] scsi target2:0:1: Ending Domain Validation
[    3.821186] scsi target2:0:1: asynchronous
[    3.833015] sd 2:0:0:0: Attached scsi generic sg0 type 0
[    3.835010] sd 2:0:0:0: [sda] 20971520 512-byte logical blocks: (10.7 GB/10.0 GiB)
[    3.835152] sd 2:0:0:0: [sda] Write Protect is off
[    3.835241] sd 2:0:0:0: [sda] Incomplete mode parameter data
[    3.835242] sd 2:0:0:0: [sda] Assuming drive cache: write through
[    3.848132] sd 2:0:1:0: Attached scsi generic sg1 type 0
[    3.848948] sd 2:0:1:0: [sdb] 20480 512-byte logical blocks: (10.5 MB/10.0 MiB)
[    3.850334] sd 2:0:1:0: [sdb] Write Protect is off
[    3.851211] sd 2:0:1:0: [sdb] Incomplete mode parameter data
[    3.852096] sd 2:0:1:0: [sdb] Assuming drive cache: write through
[    3.854150]  sda: sda1
[    3.854997] sd 2:0:0:0: [sda] Attached SCSI disk
[    3.856048] sd 2:0:1:0: [sdb] Attached SCSI disk
[    4.118906] e1000 0000:00:08.0 eth1: (PCI:33MHz:32-bit) 08:00:27:b8:4d:fc
[    4.120780] e1000 0000:00:08.0 eth1: Intel(R) PRO/1000 Network Connection
[    4.123597] e1000 0000:00:08.0 enp0s8: renamed from eth1
[    4.148951] e1000 0000:00:03.0 enp0s3: renamed from eth0
Begin: Loading essential drivers ... [    5.458252] md: linear personality registered for level -1
[    5.460885] md: multipath personality registered for level -4
[    5.463520] md: raid0 personality registered for level 0
[    5.466913] md: raid1 personality registered for level 1
[    5.541483] raid6: sse2x1   gen() 11833 MB/s
[    5.617234] raid6: sse2x1   xor()  9966 MB/s
[    5.685494] raid6: sse2x2   gen() 13631 MB/s
[    5.757199] raid6: sse2x2   xor()  9009 MB/s
[    5.827186] raid6: sse2x4   gen() 17035 MB/s
[    5.897155] raid6: sse2x4   xor() 12266 MB/s
[    5.967151] raid6: avx2x1   gen() 24530 MB/s
[    6.037146] raid6: avx2x2   gen() 29072 MB/s
[    6.107109] raid6: avx2x4   gen() 30328 MB/s
[    6.107776] raid6: using algorithm avx2x4 gen() 30328 MB/s
[    6.108513] raid6: using avx2x2 recovery algorithm
[    6.110262] xor: automatically using best checksumming function:
[    6.148369]    avx       : 25027.000 MB/sec
[    6.150048] async_tx: api initialized (async)
[    6.159469] md: raid6 personality registered for level 6
[    6.160442] md: raid5 personality registered for level 5
[    6.161400] md: raid4 personality registered for level 4
[    6.167171] md: raid10 personality registered for level 10
done.
Begin: Running /scripts/init-premount ... done.
Begin: Mounting root file system ... Begin: Running /scripts/local-top ... done.
Begin: Running /scripts/local-premount ... [    6.193498] Btrfs loaded
Scanning for Btrfs filesystems
done.
Warning: fsck not present, so skipping root file system
[    6.216686] EXT4-fs (sda1): INFO: recovery required on readonly filesystem
[    6.217557] EXT4-fs (sda1): write access will be enabled during recovery
[    6.293634] EXT4-fs (sda1): orphan cleanup on readonly fs
[    6.296314] EXT4-fs (sda1): 6 orphan inodes deleted
[    6.298730] EXT4-fs (sda1): recovery complete
[    6.302528] EXT4-fs (sda1): mounted filesystem with ordered data mode. Opts: (null)
done.
Begin: Running /scripts/local-bottom ... done.
Begin: Running /scripts/init-bottom ... done.
[    6.609342] systemd[1]: systemd 229 running in system mode. (+PAM +AUDIT +SELINUX +IMA +APPARMOR +SMACK +SYSVINIT +UTMP +LIBCRYPTSETUP +GCRYPT +GNUTLS +ACL +XZ -LZ4 +SECCOMP +BLKID +ELFUTILS +KMOD -IDN)
[    6.614933] systemd[1]: Detected virtualization oracle.
[    6.616697] systemd[1]: Detected architecture x86-64.

Welcome to [1mUbuntu 16.04.6 LTS[0m!

[    6.646733] systemd[1]: Set hostname to <ubuntu-xenial>.
[    6.840530] systemd[1]: Reached target User and Group Name Lookups.
[[0;32m  OK  [0m] Reached target User and Group Name Lookups.
[    6.842102] systemd[1]: Listening on Journal Socket (/dev/log).
[[0;32m  OK  [0m] Listening on Journal Socket (/dev/log).
[    6.843478] systemd[1]: Reached target System Time Synchronized.
[[0;32m  OK  [0m] Reached target System Time Synchronized.
[    6.844906] systemd[1]: Listening on Device-mapper event daemon FIFOs.
[[0;32m  OK  [0m] Listening on Device-mapper event daemon FIFOs.
[    6.846410] systemd[1]: Listening on /dev/initctl Compatibility Named Pipe.
[[0;32m  OK  [0m] Listening on /dev/initctl Compatibility Named Pipe.
[    6.848005] systemd[1]: Listening on LVM2 poll daemon socket.
[[0;32m  OK  [0m] Listening on LVM2 poll daemon socket.
[    6.849583] systemd[1]: Listening on Journal Socket.
[[0;32m  OK  [0m] Listening on Journal Socket.
[    6.850912] systemd[1]: Listening on LVM2 metadata daemon socket.
[[0;32m  OK  [0m] Listening on LVM2 metadata daemon socket.
[    6.852408] systemd[1]: Listening on udev Kernel Socket.
[[0;32m  OK  [0m] Listening on udev Kernel Socket.
[    6.853861] systemd[1]: Started Forward Password Requests to Wall Directory Watch.
[[0;32m  OK  [0m] Started Forward Password Requests to Wall Directory Watch.
[    6.855828] systemd[1]: Listening on udev Control Socket.
[[0;32m  OK  [0m] Listening on udev Control Socket.
[    6.857477] systemd[1]: Created slice System Slice.
[[0;32m  OK  [0m] Created slice System Slice.
[    6.868442] systemd[1]: Mounting POSIX Message Queue File System...
         Mounting POSIX Message Queue File System...
[    6.870492] systemd[1]: Starting Monitoring of LVM2 mirrors, snapshots etc. using dmeventd or progress polling...
         Starting Monitoring of LVM2 mirrors... dmeventd or progress polling...
[    6.873712] systemd[1]: Mounting Huge Pages File System...
         Mounting Huge Pages File System...
[    6.877509] systemd[1]: Starting Load Kernel Modules...
         Starting Load Kernel Modules...
[    6.879138] systemd[1]: Listening on Journal Audit Socket.
[[0;32m  OK  [0m] Listening on Journal Audit Socket.
[    6.880865] systemd[1]: Started Trigger resolvconf update for networkd DNS.
[[0;32m  OK  [0m] Started Trigger resolvconf update for networkd DNS.
[    6.884618] systemd[1]: Starting Nameserver information manager...
         Starting Nameserver information manager...
[    6.887003] systemd[1]: Listening on Syslog Socket.
[[0;32m  OK  [0m] Listening on Syslog Socket.
[    6.889088] systemd[1]: Starting Journal Service...
         Starting Journal Service...
[    6.891960] systemd[1]: Created slice User and Session Slice.
[[0;32m  OK  [0m] Created slice User and Session Slice.
[    6.895066] systemd[1]: Starting Uncomplicated firewall...
         Starting Uncomplicated firewall...
[    6.896516] Loading iSCSI transport class v2.0-870.
[    6.896555] systemd[1]: Reached target Swap.
[[0;32m  OK  [0m] Reached target Swap.
[    6.899376] systemd[1]: Set up automount Arbitrary Executable File Formats File System Automount Point.
[[0;32m  OK  [0m] Set up automount Arbitrary Executab...ats File System Automount Point.
[    6.903835] systemd[1]: Reached target Slices.
[[0;32m  OK  [0m] Reached target Slices.
[    6.906076] systemd[1]: Mounting Debug File System...
         Mounting Debug File System...
[    6.909252] systemd[1]: Reached target Encrypted Volumes.
[[0;32m  OK  [0m] Reached target Encrypted Volumes.
[    6.911130] systemd[1]: Created slice system-serial\x2dgetty.slice.
[    6.912246] iscsi: registered transport (tcp)
[[0;32m  OK  [0m] Created slice system-serial\x2dgetty.slice.
[    6.915331] systemd[1]: Starting Set console keymap...
         Starting Set console keymap...
[    6.917443] systemd[1]: Starting Remount Root and Kernel File Systems...
         Starting Remount Root and Kernel File Systems...
[    6.920085] systemd[1]: Starting Create list of required static device nodes for the current kernel...
         Starting Create list of required st... nodes for the current kernel...
[    6.924173] systemd[1]: Mounted POSIX Message Queue File System.
[    6.925084] EXT4-fs (sda1): re-mounted. Opts: (null)
[[0;32m  OK  [0m] Mounted POSIX Message Queue File System.
[    6.927006] systemd[1]: Mounted Debug File System.
[[0;32m  OK  [0m] Mounted Debug File System.
[    6.928521] systemd[1]: Mounted Huge Pages File System.
[[0;32m  OK  [0m] Mounted Huge Pages File System.
[    6.931611] systemd[1]: Started Uncomplicated firewall.
[[0;32m  OK  [0m] Started Uncomplicated firewall.
[    6.936936] systemd[1]: Started Remount Root and Kernel File Systems.
[[0;32m  OK  [0m] Started Remount Root and Kernel File Systems.
[    6.938941] systemd[1]: Started Create list of required static device nodes for the current kernel.
[[0;32m  OK  [0m] Started Create list of required sta...ce nodes for the current kernel.
[    6.960954] systemd[1]: Started Nameserver information manager.
[[0;32m  OK  [0m] Started Nameserver information manager.
[    6.962953] systemd[1]: Started Set console keymap.
[[0;32m  OK  [0m] Started Set console keymap.
[    6.965407] systemd[1]: Started Journal Service.
[[0;32m  OK  [0m] Started Journal Service.
[    6.966671] random: nonblocking pool is initialized
[    6.978254] iscsi: registered transport (iser)
[[0;32m  OK  [0m] Started Load Kernel Modules.
         Mounting FUSE Control File System...
         Starting Apply Kernel Variables...
[[0;32m  OK  [0m] Started LVM2 metadata daemon.
         Starting Create Static Device Nodes in /dev...
         Starting Load/Save Random Seed...
         Starting Flush Journal to Persistent Storage...
         Starting udev Coldplug all Devices...
[[0;32m  OK  [0m] Mounted FUSE Control File System.
[[0;32m  OK  [0m] Started Load/Save Random Seed.
[[0;32m  OK  [0m] Started Apply Kernel Variables.
[[0;32m  OK  [0m] Started Create Static Device Nodes in /dev.
         Starting udev Kernel Device Manager...
[[0;32m  OK  [0m] Started Flush Journal to Persistent Storage.
[[0;32m  OK  [0m] Started udev Coldplug all Devices.
[[0;32m  OK  [0m] Started udev Kernel Device Manager.
[[0;32m  OK  [0m] Started Dispatch Password Requests to Console Directory Watch.
[[0;32m  OK  [0m] Found device /dev/ttyS0.
[[0;32m  OK  [0m] Listening on Load/Save RF Kill Switch Status /dev/rfkill Watch.
[[0;32m  OK  [0m] Found device 82540EM Gigabit Ethern...r (PRO/1000 MT Desktop Adapter).
[[0;32m  OK  [0m] Started Monitoring of LVM2 mirrors,...ng dmeventd or progress polling.
[[0;32m  OK  [0m] Found device 82540EM Gigabit Ethern...r (PRO/1000 MT Desktop Adapter).
[[0;32m  OK  [0m] Reached target Local File Systems (Pre).
[[0;32m  OK  [0m] Reached target Local File Systems.
         Starting LSB: AppArmor initialization...
         Starting Initial cloud-init job (pre-networking)...
         Starting Tell Plymouth To Write Out Runtime Data...
         Starting Set console font and keymap...
         Starting Create Volatile Files and Directories...
[[0;32m  OK  [0m] Started Tell Plymouth To Write Out Runtime Data.
[[0;32m  OK  [0m] Started Create Volatile Files and Directories.
         Starting Update UTMP about System Boot/Shutdown...
[[0;32m  OK  [0m] Started Update UTMP about System Boot/Shutdown.
[[0;32m  OK  [0m] Started LSB: AppArmor initialization.
[[0;32m  OK  [0m] Started Set console font and keymap.
[[0;32m  OK  [0m] Created slice system-getty.slice.
[    8.544301] cloud-init[636]: Cloud-init v. 18.5-45-g3554ffe8-0ubuntu1~16.04.1 running 'init-local' at Thu, 12 Dec 2019 07:57:22 +0000. Up 8.29 seconds.
[[0;32m  OK  [0m] Started Initial cloud-init job (pre-networking).
[[0;32m  OK  [0m] Reached target Network (Pre).
         Starting Raise network interfaces...
[[0;32m  OK  [0m] Started ifup for enp0s8.
[[0;32m  OK  [0m] Started ifup for enp0s3.
[[0;32m  OK  [0m] Started Raise network interfaces.
[[0;32m  OK  [0m] Reached target Network.
         Starting Initial cloud-init job (metadata service crawler)...
[    9.222533] cloud-init[1073]: Cloud-init v. 18.5-45-g3554ffe8-0ubuntu1~16.04.1 running 'init' at Thu, 12 Dec 2019 07:57:22 +0000. Up 8.96 seconds.
[    9.224060] cloud-init[1073]: ci-info: ++++++++++++++++++++++++++++++++++++++Net device info+++++++++++++++++++++++++++++++++++++++
[    9.225415] cloud-init[1073]: ci-info: +--------+------+-----------------------------+---------------+--------+-------------------+
[    9.226760] cloud-init[1073]: ci-info: | Device |  Up  |           Address           |      Mask     | Scope  |     Hw-Address    |
[    9.228093] cloud-init[1073]: ci-info: +--------+------+-----------------------------+---------------+--------+-------------------+
[    9.229480] cloud-init[1073]: ci-info: | enp0s3 | True |          10.0.2.15          | 255.255.255.0 | global | 02:30:52:25:60:69 |
[    9.230933] cloud-init[1073]: ci-info: | enp0s3 | True |  fe80::30:52ff:fe25:6069/64 |       .       |  link  | 02:30:52:25:60:69 |
[    9.232378] cloud-init[1073]: ci-info: | enp0s8 | True |        192.168.33.10        | 255.255.255.0 | global | 08:00:27:b8:4d:fc |
[    9.233696] cloud-init[1073]: ci-info: | enp0s8 | True | fe80::a00:27ff:feb8:4dfc/64 |       .       |  link  | 08:00:27:b8:4d:fc |
[    9.234981] cloud-init[1073]: ci-info: |   lo   | True |          127.0.0.1          |   255.0.0.0   |  host  |         .         |
[    9.236290] cloud-init[1073]: ci-info: |   lo   | True |           ::1/128           |       .       |  host  |         .         |
[    9.237713] cloud-init[1073]: ci-info: +--------+------+-----------------------------+---------------+--------+-------------------+
[    9.239097] cloud-init[1073]: ci-info: ++++++++++++++++++++++++++++Route IPv4 info++++++++++++++++++++++++++++
[    9.240247] cloud-init[1073]: ci-info: +-------+--------------+----------+---------------+-----------+-------+
[    9.241431] cloud-init[1073]: ci-info: | Route | Destination  | Gateway  |    Genmask    | Interface | Flags |
[    9.242626] cloud-init[1073]: ci-info: +-------+--------------+----------+---------------+-----------+-------+
[    9.243808] cloud-init[1073]: ci-info: |   0   |   0.0.0.0    | 10.0.2.2 |    0.0.0.0    |   enp0s3  |   UG  |
[    9.244978] cloud-init[1073]: ci-info: |   1   |   10.0.2.0   | 0.0.0.0  | 255.255.255.0 |   enp0s3  |   U   |
[    9.248543] cloud-init[1073]: ci-info: |   2   | 192.168.33.0 | 0.0.0.0  | 255.255.255.0 |   enp0s8  |   U   |
[    9.249795] cloud-init[1073]: ci-info: +-------+--------------+----------+---------------+-----------+-------+
[    9.251046] cloud-init[1073]: ci-info: +++++++++++++++++++Route IPv6 info+++++++++++++++++++
[    9.252206] cloud-init[1073]: ci-info: +-------+-------------+---------+-----------+-------+
[    9.253369] cloud-init[1073]: ci-info: | Route | Destination | Gateway | Interface | Flags |
[    9.254531] cloud-init[1073]: ci-info: +-------+-------------+---------+-----------+-------+
[    9.255668] cloud-init[1073]: ci-info: |   0   |  fe80::/64  |    ::   |   enp0s8  |   U   |
[    9.256835] cloud-init[1073]: ci-info: |   1   |  fe80::/64  |    ::   |   enp0s3  |   U   |
[    9.257966] cloud-init[1073]: ci-info: |   4   |   ff00::/8  |    ::   |   enp0s8  |   U   |
[    9.259092] cloud-init[1073]: ci-info: |   5   |   ff00::/8  |    ::   |   enp0s3  |   U   |
[    9.260262] cloud-init[1073]: ci-info: +-------+-------------+---------+-----------+-------+
[[0;32m  OK  [0m] Started Initial cloud-init job (metadata service crawler).
[[0;32m  OK  [0m] Reached target System Initialization.
[[0;32m  OK  [0m] Listening on ACPID Listen Socket.
[[0;32m  OK  [0m] Started ACPI Events Check.
[[0;32m  OK  [0m] Reached target Paths.
[[0;32m  OK  [0m] Listening on UUID daemon activation socket.
         Starting LXD - unix socket.
[[0;32m  OK  [0m] Started Daily apt download activities.
[[0;32m  OK  [0m] Started Daily apt upgrade and clean activities.
[[0;32m  OK  [0m] Started Daily Cleanup of Temporary Directories.
[[0;32m  OK  [0m] Listening on D-Bus System Message Bus Socket.
[[0;32m  OK  [0m] Started Clean PHP session files every 30 mins.
[[0;32m  OK  [0m] Reached target Timers.
         Starting Socket activation for snappy daemon.
[[0;32m  OK  [0m] Reached target Network is Online.
         Starting iSCSI initiator daemon (iscsid)...
[[0;32m  OK  [0m] Reached target Cloud-config availability.
[[0;32m  OK  [0m] Listening on LXD - unix socket.
[[0;32m  OK  [0m] Listening on Socket activation for snappy daemon.
[[0;32m  OK  [0m] Reached target Sockets.
[[0;32m  OK  [0m] Reached target Basic System.
[[0;32m  OK  [0m] Started Unattended Upgrades Shutdown.
         Starting Accounts Service...
         Starting Virtualbox guest utils...
         Starting Clean php session files...
         Starting LSB: Record successful boot for GRUB...
[[0;32m  OK  [0m] Started Regular background program processing daemon.
[[0;32m  OK  [0m] Started ACPI event daemon.
[[0;32m  OK  [0m] Started Deferred execution scheduler.
         Starting LXD - container startup/shutdown...
         Starting LSB: MD monitoring daemon...
[[0;32m  OK  [0m] Started D-Bus System Message Bus.
         Starting Login Service...
         Starting Snappy daemon...
         Starting System Logging Service...
[[0;32m  OK  [0m] Started FUSE filesystem for LXC.
         Starting OpenBSD Secure Shell server...
         Starting /etc/rc.local Compatibility...
         Starting MySQL Community Server...
[[0;32m  OK  [0m] Started /etc/rc.local Compatibility.
[[0;32m  OK  [0m] Started iSCSI initiator daemon (iscsid).
         Starting Authenticate and Authorize Users to Run Privileged Tasks...
         Starting Login to default iSCSI targets...
[[0;32m  OK  [0m] Started System Logging Service.
[[0;32m  OK  [0m] Started LSB: Record successful boot for GRUB.
[[0;32m  OK  [0m] Started Login Service.
[[0;32m  OK  [0m] Started LSB: MD monitoring daemon.
[[0;32m  OK  [0m] Started OpenBSD Secure Shell server.
[[0;32m  OK  [0m] Started Authenticate and Authorize Users to Run Privileged Tasks.
[[0;32m  OK  [0m] Started Accounts Service.
[[0;32m  OK  [0m] Started Login to default iSCSI targets.
[[0;32m  OK  [0m] Reached target Remote File Systems (Pre).
[[0;32m  OK  [0m] Reached target Remote File Systems.
         Starting Permit User Sessions...
         Starting LSB: automatic crash report generation...
         Starting LSB: daemon to balance interrupts for SMP systems...
         Starting LSB: Set the CPU Frequency Scaling governor to "ondemand"...
         Starting LSB: Apache2 web server...
[[0;32m  OK  [0m] Started Virtualbox guest utils.
[[0;32m  OK  [0m] Started Permit User Sessions.
         Starting Terminate Plymouth Boot Screen...
         Starting Hold until boot process finishes up...
[[0;32m  OK  [0m] Started LSB: Set the CPU Frequency Scaling governor to "ondemand".
[[0;32m  OK  [0m] Started Hold until boot process finishes up.
[[0;32m  OK  [0m] Started Terminate Plymouth Boot Screen.
         Starting Set console scheme...
[[0;32m  OK  [0m] Started Serial Getty on ttyS0.
[[0;32m  OK  [0m] Started Getty on tty1.
[[0;32m  OK  [0m] Reached target Login Prompts.
[[0;32m  OK  [0m] Started Set console scheme.
[[0;32m  OK  [0m] Started LSB: daemon to balance interrupts for SMP systems.
[[0;32m  OK  [0m] Started LSB: automatic crash report generation.
[[0;32m  OK  [0m] Started LXD - container startup/shutdown.
[[0;32m  OK  [0m] Started Snappy daemon.
         Starting Wait until snapd is fully seeded...
[[0;32m  OK  [0m] Started Wait until snapd is fully seeded.
         Starting Apply the settings specified in cloud-config...
[[0;32m  OK  [0m] Started Clean php session files.
[   10.230398] cloud-init[1407]: Cloud-init v. 18.5-45-g3554ffe8-0ubuntu1~16.04.1 running 'modules:config' at Thu, 12 Dec 2019 07:57:24 +0000. Up 10.16 seconds.
[[0;32m  OK  [0m] Started Apply the settings specified in cloud-config.
[[0;32m  OK  [0m] Started LSB: Apache2 web server.
[[0;32m  OK  [0m] Started MySQL Community Server.
[[0;32m  OK  [0m] Reached target Multi-User System.
         Starting Execute cloud user/final scripts...
[[0;32m  OK  [0m] Reached target Graphical Interface.
         Starting Update UTMP about System Runlevel Changes...
[[0;32m  OK  [0m] Started Update UTMP about System Runlevel Changes.
[   11.922333] cloud-init[1458]: Cloud-init v. 18.5-45-g3554ffe8-0ubuntu1~16.04.1 running 'modules:final' at Thu, 12 Dec 2019 07:57:25 +0000. Up 11.84 seconds.
[   11.923639] cloud-init[1458]: Cloud-init v. 18.5-45-g3554ffe8-0ubuntu1~16.04.1 finished at Thu, 12 Dec 2019 07:57:25 +0000. Datasource DataSourceNoCloud [seed=/dev/sdb][dsmode=net].  Up 11.91 seconds
[[0;32m  OK  [0m] Started Execute cloud user/final scripts.
         Starting Daily apt download activities...
[[0;32m  OK  [0m] Reached target Cloud-init target.
[[0;32m  OK  [0m] Created slice User Slice of vagrant.
         Starting User Manager for UID 1000...
[[0;32m  OK  [0m] Started Session 1 of user vagrant.
[[0;32m  OK  [0m] Started User Manager for UID 1000.

Ubuntu 16.04.6 LTS ubuntu-xenial ttyS0

ubuntu-xenial login: 